#-----------------------------------------------------------
# Webtalk v2018.3 (64-bit)
# SW Build 2405991 on Thu Dec  6 23:36:41 MST 2018
# 
# Start of session at: Fri Mar 26 16:41:08 2021
# Process ID: 29753
# Current directory: /home/justin/jhai/universityoftoronto/ECE532/final_project/ECE532/hardware/fpga_2/projects/proj_fpga_2_deployment/proj_fpga_2_deployment.sdk/webtalk
# Command line: wbtcv -mode batch -source sdk_webtalk.tcl
# Log file: /home/justin/jhai/universityoftoronto/ECE532/final_project/ECE532/hardware/fpga_2/projects/proj_fpga_2_deployment/proj_fpga_2_deployment.sdk/webtalk/webtalk.log
# Journal file: /home/justin/jhai/universityoftoronto/ECE532/final_project/ECE532/hardware/fpga_2/projects/proj_fpga_2_deployment/proj_fpga_2_deployment.sdk/webtalk/webtalk.jou
#-----------------------------------------------------------
source sdk_webtalk.tcl
# webtalk_init -webtalk_dir /home/justin/jhai/universityoftoronto/ECE532/final_project/ECE532/hardware/fpga_2/projects/proj_fpga_2_deployment/proj_fpga_2_deployment.sdk/webtalk
# webtalk_register_client -client project
# webtalk_add_data -client project -key date_generated -value "2021-03-26 16:41:06" -context "software_version_and_target_device"
# webtalk_add_data -client project -key product_version -value "SDK v2018.3" -context "software_version_and_target_device"
# webtalk_add_data -client project -key build_version -value "2018.3" -context "software_version_and_target_device"
# webtalk_add_data -client project -key os_platform -value "amd64" -context "software_version_and_target_device"
# webtalk_add_data -client project -key registration_id -value "174111048_179741397_210699440_801" -context "software_version_and_target_device"
# webtalk_add_data -client project -key tool_flow -value "SDK" -context "software_version_and_target_device"
# webtalk_add_data -client project -key beta -value "false" -context "software_version_and_target_device"
# webtalk_add_data -client project -key route_design -value "NA" -context "software_version_and_target_device"
# webtalk_add_data -client project -key target_family -value "NA" -context "software_version_and_target_device"
# webtalk_add_data -client project -key target_device -value "NA" -context "software_version_and_target_device"
# webtalk_add_data -client project -key target_package -value "NA" -context "software_version_and_target_device"
# webtalk_add_data -client project -key target_speed -value "NA" -context "software_version_and_target_device"
# webtalk_add_data -client project -key random_id -value "jsreu20moahdd4hf7kvgp305dl" -context "software_version_and_target_device"
# webtalk_add_data -client project -key project_id -value "2018.3_16" -context "software_version_and_target_device"
# webtalk_add_data -client project -key project_iteration -value "16" -context "software_version_and_target_device"
# webtalk_add_data -client project -key os_name -value "Ubuntu" -context "user_environment"
# webtalk_add_data -client project -key os_release -value "Ubuntu 20.04.2 LTS" -context "user_environment"
# webtalk_add_data -client project -key cpu_name -value "Intel(R) Core(TM) i7-7500U CPU @ 2.70GHz" -context "user_environment"
# webtalk_add_data -client project -key cpu_speed -value "2700.001 MHz" -context "user_environment"
# webtalk_add_data -client project -key total_processors -value "1" -context "user_environment"
# webtalk_add_data -client project -key system_ram -value "12.335 GB" -context "user_environment"
# webtalk_register_client -client sdk
# webtalk_add_data -client sdk -key uid -value "1616778304000" -context "sdk\\\\hardware/1616778304000"
# webtalk_add_data -client sdk -key isZynq -value "false" -context "sdk\\\\hardware/1616778304000"
# webtalk_add_data -client sdk -key isZynqMP -value "false" -context "sdk\\\\hardware/1616778304000"
# webtalk_add_data -client sdk -key Processors -value "1" -context "sdk\\\\hardware/1616778304000"
# webtalk_add_data -client sdk -key VivadoVersion -value "2018.3" -context "sdk\\\\hardware/1616778304000"
# webtalk_add_data -client sdk -key Arch -value "artix7" -context "sdk\\\\hardware/1616778304000"
# webtalk_add_data -client sdk -key Device -value "7a100t" -context "sdk\\\\hardware/1616778304000"
# webtalk_add_data -client sdk -key IsHandoff -value "true" -context "sdk\\\\hardware/1616778304000"
# webtalk_add_data -client sdk -key os -value "NA" -context "sdk\\\\hardware/1616778304000"
# webtalk_add_data -client sdk -key apptemplate -value "NA" -context "sdk\\\\hardware/1616778304000"
# webtalk_add_data -client sdk -key RecordType -value "HWCreation" -context "sdk\\\\hardware/1616778304000"
# webtalk_add_data -client sdk -key uid -value "1616783164000" -context "sdk\\\\bsp/1616783164000"
# webtalk_add_data -client sdk -key hwid -value "1616778304000" -context "sdk\\\\bsp/1616783164000"
# webtalk_add_data -client sdk -key os -value "standalone" -context "sdk\\\\bsp/1616783164000"
# webtalk_add_data -client sdk -key apptemplate -value "hello_world" -context "sdk\\\\bsp/1616783164000"
# webtalk_add_data -client sdk -key RecordType -value "BSPCreation" -context "sdk\\\\bsp/1616783164000"
# webtalk_add_data -client sdk -key uid -value "1616783166000" -context "sdk\\\\application/1616783166000"
# webtalk_add_data -client sdk -key hwid -value "1616778304000" -context "sdk\\\\application/1616783166000"
# webtalk_add_data -client sdk -key bspid -value "1616783164000" -context "sdk\\\\application/1616783166000"
# webtalk_add_data -client sdk -key newbsp -value "true" -context "sdk\\\\application/1616783166000"
# webtalk_add_data -client sdk -key os -value "standalone" -context "sdk\\\\application/1616783166000"
# webtalk_add_data -client sdk -key apptemplate -value "hello_world" -context "sdk\\\\application/1616783166000"
# webtalk_add_data -client sdk -key RecordType -value "APPCreation" -context "sdk\\\\application/1616783166000"
# webtalk_add_data -client sdk -key LangUsed -value "C" -context "sdk\\\\application/1616783166000"
# webtalk_add_data -client sdk -key Procused -value "microblaze" -context "sdk\\\\application/1616783166000"
# webtalk_add_data -client sdk -key projSize -value "115.1796875" -context "sdk\\\\application/1616783166000"
# webtalk_add_data -client sdk -key uid -value "NA" -context "sdk\\\\bsp/1616791266382"
# webtalk_add_data -client sdk -key RecordType -value "ToolUsage" -context "sdk\\\\bsp/1616791266382"
# webtalk_add_data -client sdk -key BootgenCount -value "0" -context "sdk\\\\bsp/1616791266382"
# webtalk_add_data -client sdk -key DebugCount -value "0" -context "sdk\\\\bsp/1616791266382"
# webtalk_add_data -client sdk -key PerfCount -value "0" -context "sdk\\\\bsp/1616791266382"
# webtalk_add_data -client sdk -key FlashCount -value "0" -context "sdk\\\\bsp/1616791266382"
# webtalk_add_data -client sdk -key CrossTriggCount -value "0" -context "sdk\\\\bsp/1616791266382"
# webtalk_add_data -client sdk -key QemuDebugCount -value "0" -context "sdk\\\\bsp/1616791266382"
# webtalk_transmit -clientid 2094146272 -regid "174111048_179741397_210699440_801" -xml /home/justin/jhai/universityoftoronto/ECE532/final_project/ECE532/hardware/fpga_2/projects/proj_fpga_2_deployment/proj_fpga_2_deployment.sdk/webtalk/usage_statistics_ext_sdk.xml -html /home/justin/jhai/universityoftoronto/ECE532/final_project/ECE532/hardware/fpga_2/projects/proj_fpga_2_deployment/proj_fpga_2_deployment.sdk/webtalk/usage_statistics_ext_sdk.html -wdm /home/justin/jhai/universityoftoronto/ECE532/final_project/ECE532/hardware/fpga_2/projects/proj_fpga_2_deployment/proj_fpga_2_deployment.sdk/webtalk/sdk_webtalk.wdm -intro "<H3>SDK Usage Report</H3><BR>"
# webtalk_terminate
INFO: [Common 17-206] Exiting Webtalk at Fri Mar 26 16:41:09 2021...
