Vivado Simulator 2018.3
Time resolution is 1 ps
Output          1: -1.000000
Output          2: -2.000000
Output          3: -9.000000
Output          4: -17.000000
Output          5: -10.000000
Output          6: -3.000000
Output          7: -4.000000
Output          8: -11.000000
Output          9: -18.000000
Output         10: -25.000000
Output         11: -33.000000
Output         12: -26.000000
Output         13: -19.000000
Output         14: -12.000000
Output         15: -5.000000
Output         16: -6.000000
Output         17: -13.000000
Output         18: -20.000000
Output         19: -27.000000
Output         20: -34.000000
Output         21: -41.000000
Output         22: -49.000000
Output         23: -42.000000
Output         24: -35.000000
Output         25: -28.000000
Output         26: -21.000000
Output         27: -14.000000
Output         28: -7.000000
Output         29: -8.000000
Output         30: -15.000000
Output          1: -1.000000
Output          2: -2.000000
Output          3: -9.000000
Output          4: -17.000000
Output          5: -10.000000
Output          6: -3.000000
Output          7: -4.000000
Output          8: -11.000000
Output          9: -18.000000
Output         10: -25.000000
Output         11: -33.000000
Output         12: -26.000000
Output         13: -19.000000
Output         14: -12.000000
Output         15: -5.000000
Output         16: -6.000000
Output         17: -13.000000
Output         18: -20.000000
Output         19: -27.000000
Output         20: -34.000000
Output         21: -41.000000
Output         22: -49.000000
Output         23: -42.000000
Output         24: -35.000000
Output         25: -28.000000
Output         26: -21.000000
Output         27: -14.000000
Output         28: -7.000000
Output         29: -8.000000
Output         30: -15.000000
Output         31: -22.000000
Output         32: -29.000000
Output         33: -36.000000
Output         34: -43.000000
Output         35: -50.000000
Output         36: -57.000000
Output         37: -58.000000
Output         38: -51.000000
Output         39: -44.000000
Output         40: -37.000000
Output         41: -30.000000
Output         42: -23.000000
Output         43: -16.000000
Output         44: -24.000000
Output         45: -31.000000
Output         46: -38.000000
Output         47: -45.000000
Output         48: -52.000000
Output         49: -59.000000
Output         50: -60.000000
Output         51: -53.000000
Output         52: -46.000000
Output         53: -39.000000
Output         54: -32.000000
Output         55: -40.000000
Output         56: -47.000000
Output         57: -54.000000
Output         58: -61.000000
Output         59: -62.000000
Output         60: -55.000000
Output         61: -48.000000
Output         62: -56.000000
Output         63: -63.000000
Output         64: -64.000000
Output         65: -65.000000
Output         66: -66.000000
Output         67: -73.000000
Output         68: -81.000000
Output         69: -74.000000
Output         70: -67.000000
Output         71: -68.000000
Output         72: -75.000000
Output         73: -82.000000
Output         74: -89.000000
Output         75: -97.000000
Output         76: -90.000000
Output         77: -83.000000
Output         78: -76.000000
Output         79: -69.000000
Output         80: -70.000000
Output         81: -77.000000
Output         82: -84.000000
Output         83: -91.000000
Output         84: -98.000000
Output         85: -105.000000
Output         86: -113.000000
Output         87: -106.000000
Output         88: -99.000000
Output         89: -92.000000
Output         90: -85.000000
Output         91: -78.000000
Output         92: -71.000000
Output         93: -72.000000
Output         94: -79.000000
Output         95: -86.000000
Output         96: -93.000000
Output         97: -100.000000
Output         98: -107.000000
Output         99: -114.000000
Output        100: -121.000000
Output        101: -122.000000
Output        102: -115.000000
Output        103: -108.000000
Output        104: -101.000000
Output        105: -94.000000
Output        106: -87.000000
Output        107: -80.000000
Output        108: -88.000000
Output        109: -95.000000
Output        110: -102.000000
Output        111: -109.000000
Output        112: -116.000000
Output        113: -123.000000
Output        114: -124.000000
Output        115: -117.000000
Output        116: -110.000000
Output        117: -103.000000
Output        118: -96.000000
Output        119: -104.000000
Output        120: -111.000000
Output        121: -118.000000
Output        122: -125.000000
Output        123: -126.000000
Output        124: -119.000000
Output        125: -112.000000
Output        126: -120.000000
Output        127: -127.000000
Output        128: -128.000000
