Vivado Simulator 2018.3
Time resolution is 1 ps
Output          1: 291.000000
Output          2: 17767.000000
Output          3: -30293.000000
Output          4: -12817.000000
Output          5: 4386.000000
Output          6: 13124.000000
Output          7: 21862.000000
Output          8: 30600.000000
Output          9: -26198.000000
Output         10: -17460.000000
Output         11: -8722.000000
Output         12: -240.000000
Output         13: 291.000000
Output          1: 291.000000
Output          2: 17767.000000
Output          3: -30293.000000
Output          4: -12817.000000
Output          5: 4386.000000
Output          6: 13124.000000
Output          7: 21862.000000
Output          8: 30600.000000
Output          9: -26198.000000
Output         10: -17460.000000
Output         11: -8722.000000
Output         12: -240.000000
Output         13: 291.000000
Output         14: 17767.000000
Output         15: -30293.000000
Output         16: -12817.000000
Output         17: 4386.000000
Output         18: 13124.000000
Output         19: 21862.000000
Output         20: 30600.000000
Output         21: -26198.000000
Output         22: -17460.000000
Output         23: -8722.000000
Output         24: -240.000000
Output         25: 291.000000
Output         26: 17767.000000
Output         27: -30293.000000
Output         28: -12817.000000
Output         29: 4386.000000
Output         30: 13124.000000
Output         31: 21862.000000
Output         32: 30600.000000
Output         33: -26198.000000
Output         34: -17460.000000
Output         35: -8722.000000
Output         36: -240.000000
Output         37: 291.000000
Output         38: 17767.000000
Output         39: -30293.000000
Output         40: -12817.000000
Output         41: 4386.000000
Output         42: 13124.000000
Output         43: 21862.000000
Output         44: 30600.000000
Output         45: -26198.000000
Output         46: -17460.000000
Output         47: -8722.000000
Output         48: -240.000000
Output         49: 291.000000
Output         50: 17767.000000
Output         51: -30293.000000
Output         52: -12817.000000
Output         53: 4386.000000
Output         54: 13124.000000
Output         55: 21862.000000
Output         56: 30600.000000
Output         57: -26198.000000
Output         58: -17460.000000
Output         59: -8722.000000
Output         60: -240.000000
Output         61: 291.000000
Output         62: 17767.000000
Output         63: -30293.000000
Output         64: -12817.000000
Output         65: 4386.000000
Output         66: 13124.000000
Output         67: 21862.000000
Output         68: 30600.000000
Output         69: -26198.000000
Output         70: -17460.000000
Output         71: -8722.000000
Output         72: -240.000000
Output         73: 291.000000
Output         74: 17767.000000
Output         75: -30293.000000
Output         76: -12817.000000
Output         77: 4386.000000
Output         78: 13124.000000
Output         79: 21862.000000
Output         80: 30600.000000
Output         81: -26198.000000
Output         82: -17460.000000
Output         83: -8722.000000
