Vivado Simulator 2018.3
Time resolution is 1 ps
Output          1: 16.000000
Output          2: -14.000000
Output          3: 0.000000
Output          4: 0.000000
Output          5: 0.000000
Output          6: 0.000000
Output          7: 0.000000
Output          8: 0.000000
Output          9: -2.000000
Output         10: 0.000000
Output         11: 0.000000
Output         12: 0.000000
Output         13: 0.000000
Output         14: 0.000000
Output         15: 0.000000
Output         16: 0.000000
Output         17: 0.000000
Output         18: 0.000000
Output         19: 0.000000
Output         20: 0.000000
Output          1: 16.000000
Output          2: -14.000000
Output          3: 0.000000
Output          4: 0.000000
Output          5: 0.000000
Output          6: 0.000000
Output          7: 0.000000
Output          8: 0.000000
Output          9: -2.000000
Output         10: 0.000000
Output         11: 0.000000
Output         12: 0.000000
Output         13: 0.000000
Output         14: 0.000000
Output         15: 0.000000
Output         16: 0.000000
Output         17: 0.000000
Output         18: 0.000000
Output         19: 0.000000
Output         20: 0.000000
Output         21: 0.000000
Output         22: 0.000000
Output         23: 0.000000
Output         24: 0.000000
Output         25: 0.000000
Output         26: 0.000000
Output         27: 0.000000
Output         28: 0.000000
Output         29: 0.000000
Output         30: 0.000000
Output         31: 0.000000
Output         32: 0.000000
Output         33: 0.000000
Output         34: 0.000000
Output         35: 0.000000
Output         36: 0.000000
Output         37: 0.000000
Output         38: 0.000000
Output         39: 0.000000
Output         40: 0.000000
Output         41: 0.000000
Output         42: 0.000000
Output         43: 0.000000
Output         44: 0.000000
Output         45: 0.000000
Output         46: 0.000000
Output         47: 0.000000
Output         48: 0.000000
Output         49: 0.000000
Output         50: 0.000000
Output         51: 0.000000
Output         52: 0.000000
Output         53: 0.000000
Output         54: 0.000000
Output         55: 0.000000
Output         56: 0.000000
Output         57: 0.000000
Output         58: 0.000000
Output         59: 0.000000
Output         60: 0.000000
Output         61: 0.000000
Output         62: 0.000000
Output         63: 0.000000
Output         64: 0.000000
Output         65: 16.000000
Output         66: -14.000000
Output         67: 0.000000
Output         68: 0.000000
Output         69: 0.000000
Output         70: 0.000000
Output         71: 0.000000
Output         72: 0.000000
Output         73: -2.000000
Output         74: 0.000000
Output         75: 0.000000
Output         76: 0.000000
Output         77: 0.000000
Output         78: 0.000000
Output         79: 0.000000
Output         80: 0.000000
Output         81: 0.000000
Output         82: 0.000000
Output         83: 0.000000
Output         84: 0.000000
Output         85: 0.000000
Output         86: 0.000000
Output         87: 0.000000
Output         88: 0.000000
Output         89: 0.000000
Output         90: 0.000000
Output         91: 0.000000
Output         92: 0.000000
Output         93: 0.000000
Output         94: 0.000000
Output         95: 0.000000
Output         96: 0.000000
Output         97: 0.000000
Output         98: 0.000000
Output         99: 0.000000
Output        100: 0.000000
Output        101: 0.000000
Output        102: 0.000000
Output        103: 0.000000
Output        104: 0.000000
Output        105: 0.000000
Output        106: 0.000000
Output        107: 0.000000
Output        108: 0.000000
Output        109: 0.000000
Output        110: 0.000000
Output        111: 0.000000
Output        112: 0.000000
Output        113: 0.000000
Output        114: 0.000000
Output        115: 0.000000
Output        116: 0.000000
Output        117: 0.000000
Output        118: 0.000000
Output        119: 0.000000
Output        120: 0.000000
Output        121: 0.000000
Output        122: 0.000000
Output        123: 0.000000
Output        124: 0.000000
Output        125: 0.000000
Output        126: 0.000000
Output        127: 0.000000
Output        128: 0.000000
Output        129: 16.000000
Output        130: -14.000000
Output        131: 0.000000
Output        132: 0.000000
Output        133: 0.000000
Output        134: 0.000000
Output        135: 0.000000
Output        136: 0.000000
Output        137: -2.000000
Output        138: 0.000000
Output        139: 0.000000
Output        140: 0.000000
Output        141: 0.000000
Output        142: 0.000000
Output        143: 0.000000
Output        144: 0.000000
Output        145: 0.000000
Output        146: 0.000000
Output        147: 0.000000
Output        148: 0.000000
Output        149: 0.000000
Output        150: 0.000000
Output        151: 0.000000
Output        152: 0.000000
Output        153: 0.000000
Output        154: 0.000000
Output        155: 0.000000
Output        156: 0.000000
Output        157: 0.000000
Output        158: 0.000000
Output        159: 0.000000
Output        160: 0.000000
Output        161: 0.000000
Output        162: 0.000000
Output        163: 0.000000
Output        164: 0.000000
Output        165: 0.000000
Output        166: 0.000000
Output        167: 0.000000
Output        168: 0.000000
Output        169: 0.000000
Output        170: 0.000000
Output        171: 0.000000
Output        172: 0.000000
Output        173: 0.000000
Output        174: 0.000000
Output        175: 0.000000
Output        176: 0.000000
Output        177: 0.000000
Output        178: 0.000000
Output        179: 0.000000
Output        180: 0.000000
Output        181: 0.000000
Output        182: 0.000000
Output        183: 0.000000
Output        184: 0.000000
Output        185: 0.000000
Output        186: 0.000000
Output        187: 0.000000
Output        188: 0.000000
Output        189: 0.000000
Output        190: 0.000000
Output        191: 0.000000
Output        192: 0.000000
Output        193: 16.000000
Output        194: -14.000000
Output        195: 0.000000
Output        196: 0.000000
Output        197: 0.000000
Output        198: 0.000000
