Vivado Simulator 2018.3
Time resolution is 1 ps
Output          1: 12.000000
Output          2: -7.000000
Output          3: 0.000000
Output          4: -1.000000
Output          5: 0.000000
Output          6: -1.000000
Output          7: 0.000000
Output          8: 0.000000
Output          9: 35.000000
Output         10: -7.000000
Output         11: 0.000000
Output         12: -1.000000
Output         13: 0.000000
Output         14: -1.000000
Output         15: 0.000000
Output         16: 0.000000
Output         17: 57.000000
Output         18: -7.000000
Output         19: 0.000000
Output         20: -1.000000
Output         21: 0.000000
Output         22: -1.000000
Output         23: 0.000000
Output         24: 0.000000
Output         25: 80.000000
Output         26: -7.000000
Output         27: 0.000000
Output         28: -1.000000
Output         29: 0.000000
Output         30: -1.000000
Output         31: 0.000000
Output         32: 0.000000
Output          1: 12.000000
Output          2: -7.000000
Output          3: 0.000000
Output          4: -1.000000
Output          5: 0.000000
Output          6: -1.000000
Output          7: 0.000000
Output          8: 0.000000
Output          9: 35.000000
Output         10: -7.000000
Output         11: 0.000000
Output         12: -1.000000
Output         13: 0.000000
Output         14: -1.000000
Output         15: 0.000000
Output         16: 0.000000
Output         17: 57.000000
Output         18: -7.000000
Output         19: 0.000000
Output         20: -1.000000
Output         21: 0.000000
Output         22: -1.000000
Output         23: 0.000000
Output         24: 0.000000
Output         25: 80.000000
Output         26: -7.000000
Output         27: 0.000000
Output         28: -1.000000
Output         29: 0.000000
Output         30: -1.000000
Output         31: 0.000000
Output         32: 0.000000
Output         33: 102.000000
Output         34: -7.000000
Output         35: 0.000000
Output         36: -1.000000
Output         37: 0.000000
Output         38: -1.000000
Output         39: 0.000000
Output         40: 0.000000
Output         41: 125.000000
Output         42: -7.000000
Output         43: 0.000000
Output         44: -1.000000
Output         45: 0.000000
Output         46: -1.000000
Output         47: 0.000000
Output         48: 0.000000
Output         49: 147.000000
Output         50: -7.000000
Output         51: 0.000000
Output         52: -1.000000
Output         53: 0.000000
Output         54: -1.000000
Output         55: 0.000000
Output         56: 0.000000
Output         57: 170.000000
Output         58: -7.000000
Output         59: 0.000000
Output         60: -1.000000
Output         61: 0.000000
Output         62: -1.000000
Output         63: 0.000000
Output         64: 0.000000
