Vivado Simulator 2018.3
Time resolution is 1 ps
Output          1: -1.000000
Output          2: -9.000000
Output          3: -17.000000
Output          4: -25.000000
Output          5: -33.000000
Output          6: -41.000000
Output          7: -49.000000
Output          8: -57.000000
Output          9: -2.000000
Output         10: -10.000000
Output         11: -18.000000
Output         12: -26.000000
Output         13: -34.000000
Output         14: -42.000000
Output         15: -50.000000
Output          1: -1.000000
Output          2: -9.000000
Output          3: -17.000000
Output          4: -25.000000
Output          5: -33.000000
Output          6: -41.000000
Output          7: -49.000000
Output          8: -57.000000
Output          9: -2.000000
Output         10: -10.000000
Output         11: -18.000000
Output         12: -26.000000
Output         13: -34.000000
Output         14: -42.000000
Output         15: -50.000000
Output         16: -58.000000
Output         17: -3.000000
Output         18: -11.000000
Output         19: -19.000000
Output         20: -27.000000
Output         21: -35.000000
Output         22: -43.000000
Output         23: -51.000000
Output         24: -59.000000
Output         25: -4.000000
Output         26: -12.000000
Output         27: -20.000000
Output         28: -28.000000
Output         29: -36.000000
Output         30: -44.000000
Output         31: -52.000000
Output         32: -60.000000
Output         33: -5.000000
Output         34: -13.000000
Output         35: -21.000000
Output         36: -29.000000
Output         37: -37.000000
Output         38: -45.000000
Output         39: -53.000000
Output         40: -61.000000
Output         41: -6.000000
Output         42: -14.000000
Output         43: -22.000000
Output         44: -30.000000
Output         45: -38.000000
Output         46: -46.000000
Output         47: -54.000000
Output         48: -62.000000
Output         49: -7.000000
Output         50: -15.000000
Output         51: -23.000000
Output         52: -31.000000
Output         53: -39.000000
Output         54: -47.000000
Output         55: -55.000000
Output         56: -63.000000
Output         57: -8.000000
Output         58: -16.000000
Output         59: -24.000000
Output         60: -32.000000
Output         61: -40.000000
Output         62: -48.000000
Output         63: -56.000000
Output         64: -64.000000
$finish called at time : 1485 ns : File "/home/justin/jhai/universityoftoronto/ECE532/final_project/G4_H263_Compression/src/tb/fpga1/tb_transpose.sv" Line 151
